<?xml version="1.0" encoding="UTF-8"?>
<testsuite name="atomic_cinema_ru.ApplicationTest" tests="1" skipped="0" failures="1" errors="0" timestamp="2023-06-16T04:12:49" hostname="DESKTOP-RDKV16V" time="1.263">
  <properties/>
  <testcase name="testRoot" classname="atomic_cinema_ru.ApplicationTest" time="1.263">
    <failure message="java.lang.NullPointerException: getenv(&quot;JWT_SECRET&quot;) must not be null" type="java.lang.NullPointerException">java.lang.NullPointerException: getenv(&quot;JWT_SECRET&quot;) must not be null
	at atomic_cinema_ru.ApplicationKt.module(Application.kt:46)
	at java.base/jdk.internal.reflect.NativeMethodAccessorImpl.invoke0(Native Method)
	at java.base/jdk.internal.reflect.NativeMethodAccessorImpl.invoke(NativeMethodAccessorImpl.java:77)
	at java.base/jdk.internal.reflect.DelegatingMethodAccessorImpl.invoke(DelegatingMethodAccessorImpl.java:43)
	at java.base/java.lang.reflect.Method.invoke(Method.java:568)
	at kotlin.reflect.jvm.internal.calls.CallerImpl$Method.callMethod(CallerImpl.kt:97)
	at kotlin.reflect.jvm.internal.calls.CallerImpl$Method$Static.call(CallerImpl.kt:106)
	at kotlin.reflect.jvm.internal.KCallableImpl.call(KCallableImpl.kt:108)
	at kotlin.reflect.jvm.internal.KCallableImpl.callDefaultMethod$kotlin_reflection(KCallableImpl.kt:159)
	at kotlin.reflect.jvm.internal.KCallableImpl.callBy(KCallableImpl.kt:112)
	at io.ktor.server.engine.internal.CallableUtilsKt.callFunctionWithInjection(CallableUtils.kt:119)
	at io.ktor.server.engine.internal.CallableUtilsKt.executeModuleFunction(CallableUtils.kt:36)
	at io.ktor.server.engine.ApplicationEngineEnvironmentReloading$launchModuleByName$1.invoke(ApplicationEngineEnvironmentReloading.kt:331)
	at io.ktor.server.engine.ApplicationEngineEnvironmentReloading$launchModuleByName$1.invoke(ApplicationEngineEnvironmentReloading.kt:330)
	at io.ktor.server.engine.ApplicationEngineEnvironmentReloading.avoidingDoubleStartupFor(ApplicationEngineEnvironmentReloading.kt:355)
	at io.ktor.server.engine.ApplicationEngineEnvironmentReloading.launchModuleByName(ApplicationEngineEnvironmentReloading.kt:330)
	at io.ktor.server.engine.ApplicationEngineEnvironmentReloading.access$launchModuleByName(ApplicationEngineEnvironmentReloading.kt:32)
	at io.ktor.server.engine.ApplicationEngineEnvironmentReloading$instantiateAndConfigureApplication$1.invoke(ApplicationEngineEnvironmentReloading.kt:311)
	at io.ktor.server.engine.ApplicationEngineEnvironmentReloading$instantiateAndConfigureApplication$1.invoke(ApplicationEngineEnvironmentReloading.kt:309)
	at io.ktor.server.engine.ApplicationEngineEnvironmentReloading.avoidingDoubleStartup(ApplicationEngineEnvironmentReloading.kt:337)
	at io.ktor.server.engine.ApplicationEngineEnvironmentReloading.instantiateAndConfigureApplication(ApplicationEngineEnvironmentReloading.kt:309)
	at io.ktor.server.engine.ApplicationEngineEnvironmentReloading.createApplication(ApplicationEngineEnvironmentReloading.kt:150)
	at io.ktor.server.engine.ApplicationEngineEnvironmentReloading.start(ApplicationEngineEnvironmentReloading.kt:276)
	at io.ktor.server.testing.TestApplicationEngine.start(TestApplicationEngine.kt:142)
	at io.ktor.server.engine.ApplicationEngine$DefaultImpls.start$default(ApplicationEngine.kt:78)
	at io.ktor.server.testing.client.TestHttpClientEngine.execute(TestHttpClientEngine.kt:47)
	at io.ktor.server.testing.client.DelegatingTestClientEngine.execute(DelegatingTestClientEngine.kt:56)
	at io.ktor.client.engine.HttpClientEngine$executeWithinCallContext$2.invokeSuspend(HttpClientEngine.kt:99)
	at kotlin.coroutines.jvm.internal.BaseContinuationImpl.resumeWith(ContinuationImpl.kt:33)
	at kotlinx.coroutines.DispatchedTask.run(DispatchedTask.kt:106)
	at kotlinx.coroutines.internal.LimitedDispatcher.run(LimitedDispatcher.kt:42)
	at kotlinx.coroutines.scheduling.TaskImpl.run(Tasks.kt:95)
	at kotlinx.coroutines.scheduling.CoroutineScheduler.runSafely(CoroutineScheduler.kt:570)
	at kotlinx.coroutines.scheduling.CoroutineScheduler$Worker.executeTask(CoroutineScheduler.kt:750)
	at kotlinx.coroutines.scheduling.CoroutineScheduler$Worker.runWorker(CoroutineScheduler.kt:677)
	at kotlinx.coroutines.scheduling.CoroutineScheduler$Worker.run(CoroutineScheduler.kt:664)
</failure>
  </testcase>
  <system-out><![CDATA[2023-06-16 11:12:49.754 [Test worker @coroutine#1] TRACE io.ktor.client.plugins.HttpPlainText - Adding Accept-Charset=UTF-8 to http:///
2023-06-16 11:12:49.944 [DefaultDispatcher-worker-1 @call-context#2] INFO  ktor.test - No ktor.deployment.watch patterns specified, automatic reload is not active.
2023-06-16 11:12:50.554 [Test worker @coroutine#1] TRACE i.k.client.plugins.HttpCallValidator - Processing exception java.lang.NullPointerException: getenv("JWT_SECRET") must not be null for request http://localhost/
]]></system-out>
  <system-err><![CDATA[]]></system-err>
</testsuite>
